11/21/2018 12:20:52 INICIANDO...
11/21/2018 12:20:52 2.1.0.2
11/21/2018 12:20:52 Usuário: fabio(Administrador)
11/21/2018 12:20:52 Versão do Sistema Operacional: 6.2.9200
11/21/2018 12:20:52 64 Bits: true
11/21/2018 12:20:52   ( 0.7 )
11/21/2018 12:20:52 UAC: Ativado
11/21/2018 12:20:52 Verificando se Mozilla Firefox está instalado...
11/21/2018 12:20:52 Mozilla Firefox não instalado.
11/21/2018 12:20:52 [1: Ajustando ambiente] Verificando...
11/21/2018 12:20:52 [1: Ajustando ambiente] 
11/21/2018 12:20:53 [1: Ajustando ambiente] Ok.
11/21/2018 12:20:53 [2: Ajustes iniciais] Verificando...
11/21/2018 12:20:53 [2: Ajustes iniciais] Ok.
11/21/2018 12:20:53 [3: Instalação dos certificados raíz] Verificando...
11/21/2018 12:20:53 [3: Instalação dos certificados raíz] Efetuando download do instalador...
11/21/2018 12:20:57 [3: Instalação dos certificados raíz] Ok.
11/21/2018 12:20:57 [5: Ajustes adicionais] Verificando...
11/21/2018 12:20:57 [5: Ajustes adicionais] Limpando...
11/21/2018 12:20:57 [5: Ajustes adicionais] Ok.
11/21/2018 12:20:57 [7: Instalando módulo de segurança] Verificando...
11/21/2018 12:20:57 [7: Instalando módulo de segurança] Efetuando download do instalador...
11/21/2018 12:21:04 [7: Instalando módulo de segurança] Instalando...
11/21/2018 12:31:24 INICIANDO...
11/21/2018 12:31:24 2.1.0.2
11/21/2018 12:31:24 Usuário: fabio(Administrador)
11/21/2018 12:31:24 Versão do Sistema Operacional: 6.2.9200
11/21/2018 12:31:24 64 Bits: true
11/21/2018 12:31:24   ( 0.7 )
11/21/2018 12:31:24 UAC: Ativado
11/21/2018 12:31:24 Verificando se Mozilla Firefox está instalado...
11/21/2018 12:31:24 Mozilla Firefox não instalado.
11/21/2018 12:31:24 [7: Instalando módulo de segurança] Verificando...
11/21/2018 12:31:24 [7: Instalando módulo de segurança] Efetuando download do instalador...
11/21/2018 12:31:28 [7: Instalando módulo de segurança] Ocorreu um problema durante o download.
11/21/2018 12:31:28 [13: Concluindo ajustes] Verificando...
11/21/2018 12:32:06 [7: Instalando módulo de segurança] Ok.
11/21/2018 12:32:28 [13: Concluindo ajustes] CONCLUÍDO.
11/21/2018 12:32:38 CONCLUÍDO.
11/21/2018 13:30:16 INICIANDO...
11/21/2018 13:30:16 2.1.0.2
11/21/2018 13:30:16 Usuário: fabio(Administrador)
11/21/2018 13:30:16 Versão do Sistema Operacional: 6.2.9200
11/21/2018 13:30:16 64 Bits: true
11/21/2018 13:30:16   ( 0.7 )
11/21/2018 13:30:16 UAC: Ativado
11/21/2018 13:30:16 Verificando se Mozilla Firefox está instalado...
11/21/2018 13:30:16 Mozilla Firefox não instalado.
